Сборка начата 17.12.2023 23:50:48.
Уровень детализации журнала: Normal.     1>Проект "D:\3sem\SMI-2023\SMI-2023\SMI-2023\SMI-2023.vcxproj" в узле 2 (целевые объекты Build).
     1>InitializeBuildStatus:
         Создание "Debug\SMI-2023.tlog\unsuccessfulbuild", так как было задано "AlwaysCreate".
         Обращение к "Debug\SMI-2023.tlog\unsuccessfulbuild".
       ClCompile:
         D:\Professional\VC\Tools\MSVC\14.37.32822\bin\HostX86\x86\CL.exe /c /ZI /JMC /nologo /W3 /WX- /diagnostics:column /sdl /Od /Oy- /D WIN32 /D _DEBUG /D _CONSOLE /D _UNICODE /D UNICODE /Gm- /EHsc /RTC1 /MDd /GS /fp:precise /Zc:wchar_t /Zc:forScope /Zc:inline /permissive- /Fo"Debug\\" /Fd"Debug\vc143.pdb" /external:W3 /Gd /TP /analyze- /FC /errorReport:prompt Parm.cpp "SMI-2023.cpp"
         Parm.cpp
         SMI-2023.cpp
         Создание кода...
       Link:
         D:\Professional\VC\Tools\MSVC\14.37.32822\bin\HostX86\x86\link.exe /ERRORREPORT:PROMPT /OUT:"D:\3sem\SMI-2023\SMI-2023\Debug\SMI-2023.exe" /INCREMENTAL /ILK:"Debug\SMI-2023.ilk" /NOLOGO kernel32.lib user32.lib gdi32.lib winspool.lib comdlg32.lib advapi32.lib shell32.lib ole32.lib oleaut32.lib uuid.lib odbc32.lib odbccp32.lib /MANIFEST /MANIFESTUAC:"level='asInvoker' uiAccess='false'" /manifest:embed /DEBUG /PDB:"D:\3sem\SMI-2023\SMI-2023\Debug\SMI-2023.pdb" /SUBSYSTEM:CONSOLE /TLBID:1 /DYNAMICBASE /NXCOMPAT /IMPLIB:"D:\3sem\SMI-2023\SMI-2023\Debug\SMI-2023.lib" /MACHINE:X86 Debug\Error.obj
         Debug\FST.obj
         Debug\Generation.obj
         Debug\Greibach.obj
         Debug\In.obj
         Debug\IT.obj
         Debug\LexAnalysis.obj
         Debug\Log.obj
         Debug\LT.obj
         Debug\MFST.obj
         Debug\Parm.obj
         Debug\Polish.obj
         Debug\SemAnalysis.obj
         "Debug\SMI-2023.obj"
         SMI-2023.vcxproj -> D:\3sem\SMI-2023\SMI-2023\Debug\SMI-2023.exe
       FinalizeBuildStatus:
         Файл "Debug\SMI-2023.tlog\unsuccessfulbuild" удаляется.
         Обращение к "Debug\SMI-2023.tlog\SMI-2023.lastbuildstate".
     1>Сборка проекта "D:\3sem\SMI-2023\SMI-2023\SMI-2023\SMI-2023.vcxproj" завершена (целевые объекты Build).

Сборка успешно завершена.
    Предупреждений: 0
    Ошибок: 0

Прошло времени 00:00:02.67
