d:\3 sem\smi-2023\smi-2023\smi-2023\debug\vc143.pdb
d:\3 sem\smi-2023\smi-2023\smi-2023\debug\vc143.idb
d:\3 sem\smi-2023\smi-2023\smi-2023\debug\smi-2023.obj
d:\3 sem\smi-2023\smi-2023\smi-2023\debug\semanalysis.obj
d:\3 sem\smi-2023\smi-2023\smi-2023\debug\polish.obj
d:\3 sem\smi-2023\smi-2023\smi-2023\debug\parm.obj
d:\3 sem\smi-2023\smi-2023\smi-2023\debug\mfst.obj
d:\3 sem\smi-2023\smi-2023\smi-2023\debug\lt.obj
d:\3 sem\smi-2023\smi-2023\smi-2023\debug\log.obj
d:\3 sem\smi-2023\smi-2023\smi-2023\debug\lexanalysis.obj
d:\3 sem\smi-2023\smi-2023\smi-2023\debug\it.obj
d:\3 sem\smi-2023\smi-2023\smi-2023\debug\in.obj
d:\3 sem\smi-2023\smi-2023\smi-2023\debug\greibach.obj
d:\3 sem\smi-2023\smi-2023\smi-2023\debug\generation.obj
d:\3 sem\smi-2023\smi-2023\smi-2023\debug\fst.obj
d:\3 sem\smi-2023\smi-2023\smi-2023\debug\error.obj
d:\3 sem\smi-2023\smi-2023\smi-2023\debug\smi-2023.ilk
d:\3 sem\smi-2023\smi-2023\debug\smi-2023.exe
d:\3 sem\smi-2023\smi-2023\debug\smi-2023.pdb
d:\3 sem\smi-2023\smi-2023\smi-2023\debug\smi-2023.tlog\cl.command.1.tlog
d:\3 sem\smi-2023\smi-2023\smi-2023\debug\smi-2023.tlog\cl.items.tlog
d:\3 sem\smi-2023\smi-2023\smi-2023\debug\smi-2023.tlog\cl.read.1.tlog
d:\3 sem\smi-2023\smi-2023\smi-2023\debug\smi-2023.tlog\cl.write.1.tlog
d:\3 sem\smi-2023\smi-2023\smi-2023\debug\smi-2023.tlog\link.command.1.tlog
d:\3 sem\smi-2023\smi-2023\smi-2023\debug\smi-2023.tlog\link.read.1.tlog
d:\3 sem\smi-2023\smi-2023\smi-2023\debug\smi-2023.tlog\link.write.1.tlog
